2024-05-06 01:48:44 - Download Success for NIM: 181000429
2024-05-06 02:03:55 - Download Success for NIM: 181000429
2024-05-06 02:17:13 - Download Success for NIM: 181000429
2024-05-06 08:07:09 - Download Success for NIM: 191000293
2024-05-06 08:20:24 - Download Success for NIM: 191000293
2024-07-05 08:13:11 - Download Success for NIM: 193010162
2024-07-05 08:18:57 - Download Success for NIM: 193010162
2024-07-05 08:21:59 - Download Success for NIM: 193010162
2024-07-05 08:23:44 - Download Success for NIM: 193010162
2024-07-05 08:25:21 - Download Success for NIM: 193010162
2024-07-05 08:26:59 - Download Success for NIM: 193010162
2024-07-05 08:28:37 - Download Success for NIM: 193010162
2024-07-05 08:29:14 - Download Success for NIM: 193010162
2024-07-05 08:31:05 - Download Success for NIM: 193010162
2024-07-05 08:31:43 - Download Success for NIM: 193010162
2024-07-05 08:39:23 - Download Success for NIM: 193010162
2024-07-05 08:41:40 - Download Success for NIM: 193010162
2024-07-05 08:43:37 - Download Success for NIM: 193010162
2024-07-05 08:44:27 - Download Success for NIM: 193010162
2024-07-05 09:33:26 - Download Success for NIM: 193010162
2024-07-05 09:36:21 - Download Success for NIM: 193010162
2024-07-05 09:37:13 - Download Success for NIM: 193010162
2024-07-05 09:37:40 - Download Success for NIM: 193010162
2024-07-05 09:38:19 - Download Success for NIM: 193010162
2024-07-05 09:39:04 - Download Success for NIM: 193010162
2024-07-05 10:38:02 - Download Success for Program Studi: S1-Ilmu Kesejahteraan Sosial
2024-07-05 10:40:14 - Download Success for Program Studi: S1-Ilmu Kesejahteraan Sosial
2024-07-05 10:40:51 - Download Success for Program Studi: S1-Ilmu Kesejahteraan Sosial
2024-07-05 10:41:43 - Download Success for Program Studi: S1-Ilmu Kesejahteraan Sosial
2024-07-05 10:43:59 - Download Success for Program Studi: S1-Ilmu Kesejahteraan Sosial
2024-07-05 10:44:47 - Download Success for Program Studi: S1-Ilmu Kesejahteraan Sosial
2024-07-05 10:56:02 - Download Success for Program Studi: S1-Ilmu Kesejahteraan Sosial
2024-07-05 10:58:59 - Download Success for Program Studi: S1-Ilmu Kesejahteraan Sosial
2024-07-05 11:00:27 - Download Success for Program Studi: S1-Ilmu Kesejahteraan Sosial
2024-07-05 11:02:10 - Download Success for Program Studi: S1-Ilmu Kesejahteraan Sosial
2024-07-05 11:08:33 - Download Success for Program Studi: S1-Ilmu Kesejahteraan Sosial
2024-07-05 11:10:36 - Download Success for Program Studi: S1-Ilmu Kesejahteraan Sosial
2024-07-05 11:11:51 - Download Success for Program Studi: S1-Ilmu Kesejahteraan Sosial
2024-07-05 11:12:43 - Download Success for Program Studi: S1-Ilmu Kesejahteraan Sosial
2024-07-05 11:14:39 - Download Success for Program Studi: S1-Ilmu Kesejahteraan Sosial
2024-07-05 11:15:21 - Download Success for Program Studi: S1-Ilmu Kesejahteraan Sosial
2024-07-05 11:17:14 - Download Success for Program Studi: S1-Ilmu Kesejahteraan Sosial
2024-07-05 11:18:22 - Download Success for Program Studi: S1-Ilmu Kesejahteraan Sosial
2024-07-05 11:19:25 - Download Success for Program Studi: S1-Ilmu Kesejahteraan Sosial
2024-07-05 11:20:25 - Download Success for Program Studi: S1-Ilmu Kesejahteraan Sosial
2024-07-05 11:21:27 - Download Success for Program Studi: S1-Ilmu Kesejahteraan Sosial
2024-07-05 11:21:59 - Download Success for Program Studi: S1-Ilmu Kesejahteraan Sosial
2024-07-05 11:23:09 - Download Success for Program Studi: S1-Ilmu Kesejahteraan Sosial
2024-07-05 13:00:03 - Download Success for Program Studi: S1-Ilmu Kesejahteraan Sosial
2024-07-08 07:53:34 - Download Success for Program Studi: S1-Ilmu Kesejahteraan Sosial
2024-07-08 07:55:49 - Download Success for Program Studi: S1-Ilmu Kesejahteraan Sosial
2024-07-08 07:57:00 - Download Success for Program Studi: S1-Ilmu Kesejahteraan Sosial
2024-07-08 07:57:49 - Download Success for Program Studi: S1-Ilmu Kesejahteraan Sosial
2024-07-08 07:58:32 - Download Success for Program Studi: S1-Ilmu Kesejahteraan Sosial
2024-07-08 07:58:58 - Download Success for Program Studi: S1-Ilmu Kesejahteraan Sosial
2024-07-08 07:59:32 - Download Success for Program Studi: S1-Ilmu Kesejahteraan Sosial
2024-07-08 08:05:28 - Download Success for Program Studi: S1-Ilmu Kesejahteraan Sosial
2024-07-08 08:06:16 - Download Success for Program Studi: S1-Ilmu Kesejahteraan Sosial
2024-07-08 08:06:46 - Download Success for Program Studi: S1-Ilmu Kesejahteraan Sosial
2024-07-08 08:07:32 - Download Success for Program Studi: S1-Ilmu Kesejahteraan Sosial
2024-07-08 08:09:01 - Download Success for Program Studi: S1-Ilmu Kesejahteraan Sosial
2024-07-08 08:10:32 - Download Success for Program Studi: S1-Ilmu Kesejahteraan Sosial
2024-07-08 08:11:10 - Download Success for Program Studi: S1-Ilmu Kesejahteraan Sosial
2024-07-08 08:12:08 - Download Success for Program Studi: S1-Ilmu Kesejahteraan Sosial
2024-07-08 08:13:32 - Download Success for Program Studi: S1-Ilmu Kesejahteraan Sosial
2024-07-08 08:14:46 - Download Success for Program Studi: S1-Ilmu Kesejahteraan Sosial
2024-07-08 08:16:07 - Download Success for Program Studi: S1-Ilmu Kesejahteraan Sosial
2024-07-08 08:17:41 - Download Success for Program Studi: S1-Ilmu Kesejahteraan Sosial
2024-07-08 08:18:50 - Download Success for Program Studi: S1-Ilmu Kesejahteraan Sosial
2024-07-08 08:20:37 - Download Success for Program Studi: S1-Ilmu Kesejahteraan Sosial
2024-07-08 08:22:31 - Download Success for Program Studi: S1-Ilmu Kesejahteraan Sosial
2024-07-08 08:25:02 - Download Success for Program Studi: S1-Ilmu Kesejahteraan Sosial
2024-07-08 08:25:40 - Download Success for Program Studi: S1-Ilmu Kesejahteraan Sosial
2024-07-08 08:26:53 - Download Success for Program Studi: S1-Ilmu Kesejahteraan Sosial
2024-07-08 08:27:45 - Download Success for Program Studi: S1-Ilmu Kesejahteraan Sosial
2024-07-08 08:28:42 - Download Success for Program Studi: S1-Ilmu Hukum
2024-07-08 08:30:02 - Download Success for Program Studi: S1-Ilmu Hukum
2024-07-08 08:35:58 - Download Success for Program Studi: S1-Ilmu Hukum
2024-07-08 08:37:11 - Download Success for Program Studi: S1-Ilmu Hukum
2024-07-08 08:47:46 - Download Success for Program Studi: S1-Ilmu Hukum
2024-07-08 08:49:52 - Download Success for Program Studi: S1-Ilmu Hukum
2024-07-08 08:56:34 - Download Success for Program Studi: S1-Ilmu Hukum
2024-07-08 08:57:21 - Download Success for Program Studi: S1-Ilmu Hubungan Internasional
2024-07-08 09:09:42 - Download Success for Program Studi: S1 - Ilmu Hubungan Internasional
2024-07-08 09:12:34 - Download Success for Program Studi: S1 - Ilmu Hubungan Internasional
2024-07-08 09:21:41 - Download Success for Program Studi: S1 - Ilmu Hubungan Internasional
2024-07-08 09:27:34 - Download Success for Program Studi: S1 - Ilmu Hubungan Internasional
2024-07-08 09:28:28 - Download Success for Program Studi: S1 - Ilmu Hubungan Internasional
2024-07-08 09:31:40 - Download Success for Program Studi: S1 - Ilmu Hubungan Internasional
2024-07-08 09:32:23 - Download Success for Program Studi: S1 - Ilmu Hubungan Internasional
2024-07-08 09:33:29 - Download Success for Program Studi: S1 - Ilmu Hubungan Internasional
2024-07-08 09:34:37 - Download Success for Program Studi: S1 - Ilmu Hubungan Internasional
2024-07-08 09:35:50 - Download Success for Program Studi: S1 - Ilmu Hubungan Internasional
2024-07-08 09:36:24 - Download Success for Program Studi: S1 - Ilmu Hubungan Internasional
2024-07-08 09:39:25 - Download Success for Program Studi: S1 - Ilmu Hubungan Internasional
2024-07-08 12:19:52 - Download Success for Program Studi: S1 - Ilmu Hubungan Internasional
2024-07-08 12:20:14 - Download Success for Program Studi: S1 - Ilmu Hubungan Internasional
2024-07-08 12:20:33 - Download Success for Program Studi: S1 - Ilmu Hubungan Internasional
2024-07-08 12:26:11 - Download Success for Program Studi: S1 - Ilmu Komunikasi
2024-07-08 12:34:19 - Download Success for Program Studi: S1 - Ilmu Komunikasi
2024-07-08 12:36:24 - Download Success for Program Studi: S1 - Ilmu Komunikasi
2024-07-08 12:38:39 - Download Success for Program Studi: S1 - Ilmu Komunikasi
2024-07-08 12:39:02 - Download Success for Program Studi: S1 - Ilmu Komunikasi
2024-07-08 12:39:35 - Download Success for Program Studi: S1 - Ilmu Komunikasi
2024-07-08 12:39:54 - Download Success for Program Studi: S1 - Ilmu Administrasi Bisnis
2024-07-08 12:41:37 - Download Success for Program Studi: S1 - Ilmu Hukum
2024-07-08 12:43:54 - Download Success for Program Studi: S1 - Ilmu Hukum
2024-07-08 12:45:01 - Download Success for Program Studi: S1 - Ilmu Hukum
2024-07-08 12:54:33 - Download Success for Program Studi: S1 - Ilmu Hukum
2024-07-08 12:54:48 - Download Success for Program Studi: S1 - Ilmu Hubungan Internasional
2024-07-08 12:56:37 - Download Success for Program Studi: S1 - Pendidikan Matematika
2024-07-08 13:08:33 - Download Success for Program Studi: S1 - Ilmu Hukum
2024-07-08 13:29:17 - Download Success for Program Studi: S1 - Ilmu Hukum
2024-07-08 13:46:44 - Download Success for Program Studi: S1 - Administrasi Publik
2024-07-08 13:51:55 - Download Success for Program Studi: S1 - Administrasi Publik
2024-07-08 14:18:52 - Download Success for Program Studi: S1 - Ilmu Komunikasi
2024-07-08 14:24:40 - Download Success for Program Studi: S1 - Pendidikan Pancasila dan Kewarganegaraan
2024-07-08 14:26:08 - Download Success for Program Studi: S1 - Pendidikan Pancasila dan Kewarganegaraan
2024-07-08 14:26:59 - Download Success for Program Studi: S1 - Pendidikan Pancasila dan Kewarganegaraan
2024-07-08 14:28:05 - Download Success for Program Studi: S1 - Pendidikan Pancasila dan Kewarganegaraan
2024-07-08 14:28:43 - Download Success for Program Studi: S1 - Pendidikan Pancasila dan Kewarganegaraan
2024-07-08 14:29:19 - Download Success for Program Studi: S1 - Pendidikan Pancasila dan Kewarganegaraan
2024-07-08 14:30:01 - Download Success for Program Studi: S1 - Pendidikan Pancasila dan Kewarganegaraan
2024-07-08 14:30:43 - Download Success for Program Studi: S1 - Pendidikan Pancasila dan Kewarganegaraan
2024-07-08 14:31:30 - Download Success for Program Studi: S1 - Pendidikan Pancasila dan Kewarganegaraan
2024-07-08 14:32:21 - Download Success for Program Studi: S1 - Pendidikan Pancasila dan Kewarganegaraan
2024-07-08 14:32:48 - Download Success for Program Studi: S1 - Pendidikan Pancasila dan Kewarganegaraan
2024-07-08 14:33:08 - Download Success for Program Studi: S1 - Pendidikan Pancasila dan Kewarganegaraan
2024-07-08 14:33:37 - Download Success for Program Studi: S1 - Pendidikan Pancasila dan Kewarganegaraan
2024-07-08 14:34:14 - Download Success for Program Studi: S1 - Pendidikan Pancasila dan Kewarganegaraan
2024-07-08 14:34:41 - Download Success for Program Studi: S1 - Pendidikan Pancasila dan Kewarganegaraan
2024-07-08 14:35:33 - Download Success for Program Studi: S1 - Pendidikan Pancasila dan Kewarganegaraan
2024-07-08 14:35:57 - Download Success for Program Studi: S1 - Pendidikan Pancasila dan Kewarganegaraan
2024-07-08 14:36:31 - Download Success for Program Studi: S1 - Pendidikan Pancasila dan Kewarganegaraan
2024-07-08 14:37:06 - Download Success for Program Studi: S1 - Pendidikan Pancasila dan Kewarganegaraan
2024-07-08 14:37:31 - Download Success for Program Studi: S1 - Pendidikan Pancasila dan Kewarganegaraan
2024-07-08 14:38:22 - Download Success for Program Studi: S1 - Pendidikan Pancasila dan Kewarganegaraan
2024-07-08 14:38:55 - Download Success for Program Studi: S1 - Manajemen
2024-07-08 14:40:06 - Download Success for Program Studi: S1 - Manajemen
2024-07-08 14:40:33 - Download Success for Program Studi: S1 - Manajemen
2024-07-08 14:40:54 - Download Success for Program Studi: S1 - Manajemen
2024-07-08 14:41:15 - Download Success for Program Studi: S1 - Manajemen
2024-07-08 14:41:55 - Download Success for Program Studi: S1 - Manajemen
2024-07-08 14:45:25 - Download Success for Program Studi: S1 - Pendidikan Pancasila dan Kewarganegaraan
2024-07-08 14:46:50 - Download Success for Program Studi: S1 - Manajemen
2024-07-08 14:47:56 - Download Success for Program Studi: S1 - Manajemen
2024-07-08 14:48:22 - Download Success for Program Studi: S1 - Manajemen
2024-07-08 14:48:52 - Download Success for Program Studi: S1 - Manajemen
2024-07-08 14:52:04 - Download Success for Program Studi: S1 - Manajemen
2024-07-08 14:52:24 - Download Success for Program Studi: S1 - Pendidikan Pancasila dan Kewarganegaraan
2024-07-08 14:53:25 - Download Success for Program Studi: S1 - Manajemen
2024-07-08 14:56:01 - Download Success for Program Studi: S1 - Manajemen
2024-07-08 14:56:25 - Download Success for Program Studi: S1 - Pendidikan Pancasila dan Kewarganegaraan
2024-07-08 14:56:47 - Download Success for Program Studi: S1 - Pendidikan Pancasila dan Kewarganegaraan
2024-07-08 14:58:31 - Download Success for Program Studi: S1 - Pendidikan Pancasila dan Kewarganegaraan
2024-07-08 14:59:05 - Download Success for Program Studi: S1 - Pendidikan Guru Sekolah Dasar
2024-07-08 15:02:42 - Download Success for Program Studi: S1 - Pendidikan Guru Sekolah Dasar
2024-07-08 15:03:09 - Download Success for Program Studi: S1 - Pendidikan Guru Sekolah Dasar
2024-07-08 15:05:15 - Download Success for Program Studi: S1 - Pendidikan Guru Sekolah Dasar
2024-07-08 15:06:16 - Download Success for Program Studi: S1 - Pendidikan Guru Sekolah Dasar
2024-07-08 15:07:20 - Download Success for Program Studi: S1 - Pendidikan Guru Sekolah Dasar
2024-07-08 15:10:37 - Download Success for Program Studi: S1 - Pendidikan Guru Sekolah Dasar
2024-07-08 15:12:02 - Download Success for Program Studi: S1 - Pendidikan Guru Sekolah Dasar
2024-07-08 15:52:26 - Download Success for Program Studi: S1 - Ilmu Hubungan Internasional
2024-07-08 15:55:24 - Download Success for Program Studi: S1 - Pendidikan Pancasila dan Kewarganegaraan
2024-07-08 15:55:33 - Download Success for Program Studi: S1 - Pendidikan Pancasila dan Kewarganegaraan
2024-07-08 15:57:13 - Download Success for Program Studi: S1 - Pendidikan Pancasila dan Kewarganegaraan
2024-07-08 15:57:43 - Download Success for Program Studi: S1 - Pendidikan Pancasila dan Kewarganegaraan
2024-07-08 16:01:16 - Download Success for Program Studi: S1 - Pendidikan Pancasila dan Kewarganegaraan
2024-07-08 16:09:18 - Download Success for Program Studi: S1 - Pendidikan Pancasila dan Kewarganegaraan
2024-07-08 16:09:23 - Download Success for Program Studi: S1 - Pendidikan Pancasila dan Kewarganegaraan
2024-07-08 16:10:30 - Download Success for Program Studi: S1 - Pendidikan Pancasila dan Kewarganegaraan
2024-07-08 16:11:48 - Download Success for Program Studi: S1 - Pendidikan Pancasila dan Kewarganegaraan
2024-07-08 16:12:50 - Download Success for Program Studi: S1 - Pendidikan Pancasila dan Kewarganegaraan
2024-07-08 16:12:59 - Download Success for Program Studi: S1 - Pendidikan Pancasila dan Kewarganegaraan
2024-07-08 16:14:00 - Download Success for Program Studi: S1 - Pendidikan Pancasila dan Kewarganegaraan
2024-07-08 16:16:59 - Download Success for Program Studi: S1 - Pendidikan Pancasila dan Kewarganegaraan
2024-07-08 16:17:08 - Download Success for Program Studi: S1 - Pendidikan Pancasila dan Kewarganegaraan
2024-07-08 16:19:24 - Download Success for Program Studi: S1 - Pendidikan Pancasila dan Kewarganegaraan
2024-07-08 16:19:50 - Download Success for Program Studi: S1 - Pendidikan Pancasila dan Kewarganegaraan
2024-07-09 08:12:16 - Download Success for Program Studi: S1 - Pendidikan Pancasila dan Kewarganegaraan
2024-07-09 08:13:54 - Download Success for Program Studi: S1 - Pendidikan Pancasila dan Kewarganegaraan
2024-07-09 08:30:16 - Download Success for Fakultas: Fakultas Ilmu Sosial dan Ilmu Politik
2024-07-09 08:33:54 - Download Success for Fakultas: Fakultas Teknik
2024-07-09 08:34:00 - Download Success for Fakultas: Fakultas Ilmu Sosial dan Ilmu Politik
2024-07-09 08:34:31 - Download Success for Fakultas: Keguruan dan Ilmu Pendidikan
2024-07-09 08:37:34 - Download Success for Program Studi: S1 - Pendidikan Pancasila dan Kewarganegaraan
2024-07-09 08:37:54 - Download Success for Program Studi: S1 - Administrasi Publik
2024-07-09 08:39:07 - Download Success for Program Studi: S1 - Administrasi Publik
2024-07-09 08:42:04 - Download Success for Program Studi: S1 - Administrasi Publik
2024-07-09 08:42:58 - Download Success for Fakultas: Fakultas Ilmu Sosial dan Ilmu Politik
2024-07-09 08:43:15 - Download Success for Program Studi: S1 - Administrasi Publik
2024-07-09 08:43:27 - Download Success for Program Studi: S1 - Pendidikan Pancasila dan Kewarganegaraan
2024-07-09 08:43:44 - Download Success for Fakultas: Keguruan dan Ilmu Pendidikan
2024-07-09 08:45:13 - Download Success for Program Studi: S1 - Pendidikan Pancasila dan Kewarganegaraan
2024-07-09 08:45:29 - Download Success for Fakultas: Fakultas Ilmu Sosial dan Ilmu Politik
2024-07-09 08:46:25 - Download Success for Fakultas: Fakultas Ilmu Sosial dan Ilmu Politik
2024-07-09 08:46:58 - Download Success for Fakultas: Fakultas Ilmu Sosial dan Ilmu Politik
2024-07-09 09:32:37 - Download Success for Fakultas: Fakultas Ilmu Sosial dan Ilmu Politik
2024-07-09 09:32:58 - Download Success for Fakultas: Keguruan dan Ilmu Pendidikan
2024-07-09 09:38:48 - Download Success for Fakultas: Keguruan dan Ilmu Pendidikan
2024-07-09 09:40:01 - Download Success for Fakultas: Keguruan dan Ilmu Pendidikan
2024-07-09 09:42:40 - Download Success for Fakultas: Keguruan dan Ilmu Pendidikan
2024-07-09 09:43:49 - Download Success for Fakultas: Keguruan dan Ilmu Pendidikan
2024-07-09 09:44:58 - Download Success for Fakultas: Keguruan dan Ilmu Pendidikan
2024-07-09 09:47:41 - Download Success for Fakultas: Keguruan dan Ilmu Pendidikan
2024-07-09 09:48:31 - Download Success for Fakultas: Keguruan dan Ilmu Pendidikan
2024-07-09 09:51:37 - Download Success for Fakultas: Keguruan dan Ilmu Pendidikan
2024-07-09 09:53:48 - Download Success for Fakultas: Keguruan dan Ilmu Pendidikan
2024-07-09 09:55:19 - Download Success for Fakultas: Fakultas Keguruan dan Ilmu Pendidikan
2024-07-09 10:03:13 - Download Success for Fakultas: Fakultas Keguruan dan Ilmu Pendidikan
2024-07-09 10:19:25 - Download Success for Fakultas: Fakultas Keguruan dan Ilmu Pendidikan
2024-07-09 10:22:30 - Download Success for Fakultas: Fakultas Ilmu Sosial dan Ilmu Politik
2024-07-09 10:36:04 - Download Success for Fakultas: Fakultas Ilmu Sosial dan Ilmu Politik
2024-07-09 10:47:11 - Download Success for Fakultas: Fakultas Ilmu Sosial dan Ilmu Politik
2024-07-09 10:53:58 - Download Success for Fakultas: Fakultas Ilmu Sosial dan Ilmu Politik
2024-07-09 11:15:29 - Download Success for Program Studi: S1 - Administrasi Publik
2024-07-09 11:16:01 - Download Success for Fakultas: Fakultas Ilmu Sosial dan Ilmu Politik
2024-07-09 11:34:10 - Download Success for Fakultas: Fakultas Ilmu Sosial dan Ilmu Politik
2024-07-09 11:34:59 - Download Success for Fakultas: Fakultas Ilmu Sosial dan Ilmu Politik
2024-07-09 11:37:42 - Download Success for Fakultas: Fakultas Ilmu Sosial dan Ilmu Politik
2024-07-09 11:41:08 - Download Success for Fakultas: Fakultas Ilmu Sosial dan Ilmu Politik
2024-07-09 11:41:44 - Download Success for Fakultas: Fakultas Ilmu Sosial dan Ilmu Politik
2024-07-09 11:42:52 - Download Success for Fakultas: Fakultas Ilmu Sosial dan Ilmu Politik
2024-07-09 11:43:52 - Download Success for Fakultas: Fakultas Ilmu Sosial dan Ilmu Politik
2024-07-09 11:48:43 - Download Success for Fakultas: Fakultas Ilmu Sosial dan Ilmu Politik
2024-07-09 11:49:01 - Download Success for Fakultas: Fakultas Ilmu Sosial dan Ilmu Politik
2024-07-09 11:51:05 - Download Success for Fakultas: Fakultas Ilmu Sosial dan Ilmu Politik
2024-07-09 11:57:47 - Download Success for Fakultas: Fakultas Ilmu Sosial dan Ilmu Politik
2024-07-09 11:59:46 - Download Success for Fakultas: Fakultas Ilmu Sosial dan Ilmu Politik
2024-07-09 12:27:29 - Download Success for Fakultas: Fakultas Ilmu Sosial dan Ilmu Politik
2024-07-09 12:58:35 - Download Success for Fakultas: Fakultas Ilmu Sosial dan Ilmu Politik
2024-07-09 13:03:52 - Download Success for Fakultas: Fakultas Ilmu Sosial dan Ilmu Politik
2024-07-09 13:05:01 - Download Success for Fakultas: Fakultas Ilmu Sosial dan Ilmu Politik
2024-07-09 13:11:15 - Download Success for Fakultas: Fakultas Ilmu Sosial dan Ilmu Politik
2024-07-09 13:11:41 - Download Success for Fakultas: Fakultas Ilmu Sosial dan Ilmu Politik
2024-07-09 13:12:16 - Download Success for Fakultas: Fakultas Ilmu Sosial dan Ilmu Politik
2024-07-09 13:13:52 - Download Success for Fakultas: Fakultas Ilmu Sosial dan Ilmu Politik
2024-07-09 13:15:11 - Download Success for Fakultas: Fakultas Ilmu Sosial dan Ilmu Politik
2024-07-09 13:15:53 - Download Success for Fakultas: Fakultas Ilmu Sosial dan Ilmu Politik
2024-07-09 13:23:37 - Download Success for Fakultas: Fakultas Ilmu Sosial dan Ilmu Politik
2024-07-09 13:23:57 - Download Success for Fakultas: Fakultas Ilmu Sosial dan Ilmu Politik
2024-07-09 13:24:20 - Download Success for Fakultas: Fakultas Ilmu Sosial dan Ilmu Politik
2024-07-09 13:25:41 - Download Success for Fakultas: Fakultas Ilmu Sosial dan Ilmu Politik
2024-07-09 13:26:15 - Download Success for Fakultas: Fakultas Ilmu Sosial dan Ilmu Politik
2024-07-09 13:27:05 - Download Success for Fakultas: Fakultas Ilmu Sosial dan Ilmu Politik
2024-07-09 13:27:46 - Download Success for Fakultas: Fakultas Ilmu Sosial dan Ilmu Politik
2024-07-09 13:28:04 - Download Success for Fakultas: Fakultas Ilmu Sosial dan Ilmu Politik
2024-07-09 13:28:20 - Download Success for Fakultas: Fakultas Ilmu Sosial dan Ilmu Politik
2024-07-09 13:29:08 - Download Success for Fakultas: Fakultas Ilmu Sosial dan Ilmu Politik
2024-07-09 13:29:57 - Download Success for Fakultas: Fakultas Ilmu Sosial dan Ilmu Politik
2024-07-09 13:36:39 - Download Success for Fakultas: Fakultas Ilmu Sosial dan Ilmu Politik
2024-07-09 13:37:05 - Download Success for Fakultas: Fakultas Ilmu Sosial dan Ilmu Politik
2024-07-09 13:39:24 - Download Success for Fakultas: Fakultas Ilmu Sosial dan Ilmu Politik
2024-07-09 13:40:17 - Download Success for Fakultas: Fakultas Ilmu Sosial dan Ilmu Politik
2024-07-09 13:40:40 - Download Success for Fakultas: Fakultas Ilmu Sosial dan Ilmu Politik
2024-07-09 13:41:09 - Download Success for Fakultas: Fakultas Keguruan dan Ilmu Pendidikan
2024-07-09 13:41:31 - Download Success for Fakultas: Fakultas Ilmu Sosial dan Ilmu Politik
2024-07-09 13:42:30 - Download Success for Fakultas: Fakultas Ilmu Sosial dan Ilmu Politik
2024-07-09 13:44:46 - Download Success for Fakultas: Fakultas Ilmu Sosial dan Ilmu Politik
2024-07-09 13:45:05 - Download Success for Fakultas: Fakultas Keguruan dan Ilmu Pendidikan
2024-07-09 13:46:03 - Download Success for Fakultas: Fakultas Keguruan dan Ilmu Pendidikan
2024-07-09 13:46:21 - Download Success for Fakultas: Fakultas Keguruan dan Ilmu Pendidikan
2024-07-09 13:46:36 - Download Success for Fakultas: Fakultas Keguruan dan Ilmu Pendidikan
2024-07-09 13:50:20 - Download Success for Fakultas: Fakultas Ilmu Sosial dan Ilmu Politik
2024-07-09 13:51:20 - Download Success for Fakultas: Fakultas Ilmu Sosial dan Ilmu Politik
2024-07-09 13:54:05 - Download Success for Fakultas: Fakultas Ilmu Sosial dan Ilmu Politik
2024-07-09 13:54:54 - Download Success for Fakultas: Fakultas Ilmu Sosial dan Ilmu Politik
2024-07-09 13:56:11 - Download Success for Fakultas: Fakultas Ilmu Sosial dan Ilmu Politik
2024-07-09 13:56:35 - Download Success for Fakultas: Fakultas Ilmu Sosial dan Ilmu Politik
2024-07-09 13:57:52 - Download Success for Fakultas: Fakultas Ilmu Sosial dan Ilmu Politik
2024-07-09 13:58:25 - Download Success for Fakultas: Fakultas Ilmu Sosial dan Ilmu Politik
2024-07-09 13:58:57 - Download Success for Fakultas: Fakultas Ilmu Sosial dan Ilmu Politik
2024-07-09 13:59:29 - Download Success for Fakultas: Fakultas Ilmu Sosial dan Ilmu Politik
2024-07-09 14:00:12 - Download Success for Fakultas: Fakultas Ilmu Sosial dan Ilmu Politik
2024-07-09 14:01:08 - Download Success for Fakultas: Fakultas Ilmu Sosial dan Ilmu Politik
2024-07-09 14:01:34 - Download Success for Fakultas: Fakultas Ilmu Sosial dan Ilmu Politik
2024-07-09 14:02:13 - Download Success for Fakultas: Fakultas Ilmu Sosial dan Ilmu Politik
2024-07-09 14:10:09 - Download Success for Fakultas: Fakultas Ilmu Sosial dan Ilmu Politik
2024-07-09 14:12:04 - Download Success for Fakultas: Fakultas Ilmu Sosial dan Ilmu Politik
2024-07-09 14:14:29 - Download Success for Fakultas: Fakultas Ilmu Sosial dan Ilmu Politik
2024-07-09 14:15:58 - Download Success for Fakultas: Fakultas Ilmu Sosial dan Ilmu Politik
2024-07-09 14:17:05 - Download Success for Fakultas: Fakultas Ilmu Sosial dan Ilmu Politik
2024-07-09 14:17:58 - Download Success for Fakultas: Fakultas Ilmu Sosial dan Ilmu Politik
2024-07-09 14:20:52 - Download Success for Fakultas: Fakultas Ilmu Sosial dan Ilmu Politik
2024-07-09 14:22:03 - Download Success for Fakultas: Fakultas Ilmu Sosial dan Ilmu Politik
2024-07-09 14:24:29 - Download Success for Fakultas: Fakultas Ilmu Sosial dan Ilmu Politik
2024-07-09 14:26:58 - Download Success for Fakultas: Fakultas Ilmu Sosial dan Ilmu Politik
2024-07-09 14:27:34 - Download Success for Program Studi: S1 - Administrasi Publik
2024-07-09 14:31:47 - Download Success for Fakultas: Fakultas Ilmu Sosial dan Ilmu Politik
2024-07-09 14:32:39 - Download Success for Fakultas: Fakultas Ilmu Sosial dan Ilmu Politik
2024-07-09 14:32:58 - Download Success for Program Studi: S1 - Administrasi Publik
2024-07-09 14:34:45 - Download Success for Fakultas: Fakultas Ilmu Sosial dan Ilmu Politik
2024-07-09 14:34:59 - Download Success for Fakultas: Fakultas Keguruan dan Ilmu Pendidikan
2024-07-09 14:38:23 - Download Success for Fakultas: Fakultas Keguruan dan Ilmu Pendidikan
2024-07-09 14:39:55 - Download Success for Fakultas: Fakultas Keguruan dan Ilmu Pendidikan
2024-07-09 14:40:52 - Download Success for Fakultas: Fakultas Keguruan dan Ilmu Pendidikan
2024-07-09 14:41:56 - Download Success for Fakultas: Fakultas Keguruan dan Ilmu Pendidikan
2024-07-09 14:42:42 - Download Success for Fakultas: Fakultas Keguruan dan Ilmu Pendidikan
2024-07-09 14:43:19 - Download Success for Fakultas: Fakultas Keguruan dan Ilmu Pendidikan
2024-07-09 14:43:53 - Download Success for Fakultas: Fakultas Keguruan dan Ilmu Pendidikan
2024-07-09 14:45:10 - Download Success for Fakultas: Fakultas Keguruan dan Ilmu Pendidikan
2024-07-09 14:45:38 - Download Success for Fakultas: Fakultas Keguruan dan Ilmu Pendidikan
2024-07-09 15:01:50 - Download Success for Fakultas: Fakultas Keguruan dan Ilmu Pendidikan
2024-07-09 15:02:29 - Download Success for Fakultas: Fakultas Keguruan dan Ilmu Pendidikan
2024-07-09 15:04:03 - Download Success for Fakultas: Fakultas Keguruan dan Ilmu Pendidikan
2024-07-09 15:06:17 - Download Success for Fakultas: Fakultas Keguruan dan Ilmu Pendidikan
2024-07-09 15:07:34 - Download Success for Fakultas: Fakultas Keguruan dan Ilmu Pendidikan
2024-07-09 15:08:39 - Download Success for Fakultas: Fakultas Keguruan dan Ilmu Pendidikan
2024-07-09 15:11:20 - Download Success for Fakultas: Fakultas Keguruan dan Ilmu Pendidikan
2024-07-09 15:14:13 - Download Success for Fakultas: Fakultas Keguruan dan Ilmu Pendidikan
2024-07-09 15:15:13 - Download Success for Fakultas: Fakultas Keguruan dan Ilmu Pendidikan
2024-07-09 15:16:24 - Download Success for Fakultas: Fakultas Keguruan dan Ilmu Pendidikan
2024-07-09 15:22:29 - Download Success for Fakultas: Fakultas Keguruan dan Ilmu Pendidikan
2024-07-09 15:41:31 - Download Success for Fakultas: Fakultas Keguruan dan Ilmu Pendidikan
2024-07-09 15:41:56 - Download Success for Fakultas: Fakultas Keguruan dan Ilmu Pendidikan
2024-07-09 15:43:16 - Download Success for Fakultas: Fakultas Keguruan dan Ilmu Pendidikan
2024-07-09 15:44:04 - Download Success for Fakultas: Fakultas Keguruan dan Ilmu Pendidikan
2024-07-09 15:44:21 - Download Success for Fakultas: Fakultas Keguruan dan Ilmu Pendidikan
2024-07-09 16:17:01 - Download Success for Fakultas: Fakultas Keguruan dan Ilmu Pendidikan
2024-07-09 16:19:33 - Download Success for Fakultas: Fakultas Keguruan dan Ilmu Pendidikan
2024-07-09 16:21:55 - Download Success for Fakultas: Fakultas Keguruan dan Ilmu Pendidikan
2024-07-09 16:22:17 - Download Success for Fakultas: Fakultas Ilmu Sosial dan Ilmu Politik
2024-07-09 16:24:01 - Download Success for Fakultas: Fakultas Ilmu Sosial dan Ilmu Politik
2024-07-09 16:24:22 - Download Success for Fakultas: Fakultas Ilmu Sosial dan Ilmu Politik
2024-07-09 16:24:51 - Download Success for Fakultas: Fakultas Ilmu Sosial dan Ilmu Politik
2024-07-09 16:25:36 - Download Success for Fakultas: Fakultas Ilmu Sosial dan Ilmu Politik
2024-07-09 16:26:13 - Download Success for Fakultas: Fakultas Ilmu Sosial dan Ilmu Politik
2024-07-09 16:26:28 - Download Success for Fakultas: Fakultas Ilmu Sosial dan Ilmu Politik
2024-07-09 16:26:57 - Download Success for Fakultas: Fakultas Ilmu Sosial dan Ilmu Politik
2024-07-09 16:27:13 - Download Success for Fakultas: Fakultas Keguruan dan Ilmu Pendidikan
2024-07-10 07:56:50 - Download Success for Fakultas: Fakultas Keguruan dan Ilmu Pendidikan
2024-07-10 08:05:49 - Download Success for Fakultas: Fakultas Keguruan dan Ilmu Pendidikan
2024-07-10 08:12:42 - Download Success for Fakultas: Fakultas Keguruan dan Ilmu Pendidikan
2024-07-10 08:13:00 - Download Success for Fakultas: Fakultas Ilmu Sosial dan Ilmu Politik
2024-07-10 08:14:36 - Download Success for Fakultas: Fakultas Ilmu Sosial dan Ilmu Politik
2024-07-10 08:14:58 - Download Success for Fakultas: Fakultas Ilmu Sosial dan Ilmu Politik
2024-07-10 08:15:18 - Download Success for Fakultas: Fakultas Keguruan dan Ilmu Pendidikan
2024-07-10 08:16:20 - Download Success for Fakultas: Fakultas Keguruan dan Ilmu Pendidikan
2024-07-10 08:20:19 - Download Success for Fakultas: Fakultas Keguruan dan Ilmu Pendidikan
2024-07-10 08:21:15 - Download Success for Fakultas: Fakultas Keguruan dan Ilmu Pendidikan
2024-07-10 08:22:45 - Download Success for Fakultas: Fakultas Keguruan dan Ilmu Pendidikan
2024-07-10 08:23:42 - Download Success for Fakultas: Fakultas Keguruan dan Ilmu Pendidikan
2024-07-10 08:24:14 - Download Success for Fakultas: Fakultas Keguruan dan Ilmu Pendidikan
2024-07-10 08:28:47 - Download Success for Fakultas: Fakultas Keguruan dan Ilmu Pendidikan
2024-07-10 08:29:09 - Download Success for Fakultas: Fakultas Keguruan dan Ilmu Pendidikan
2024-07-10 08:30:29 - Download Success for Fakultas: Fakultas Keguruan dan Ilmu Pendidikan
2024-07-10 08:31:32 - Download Success for Fakultas: Fakultas Keguruan dan Ilmu Pendidikan
2024-07-10 08:31:58 - Download Success for Fakultas: Fakultas Keguruan dan Ilmu Pendidikan
2024-07-10 08:34:49 - Download Success for Fakultas: Fakultas Keguruan dan Ilmu Pendidikan
2024-07-10 08:46:17 - Download Success for Fakultas: Fakultas Keguruan dan Ilmu Pendidikan
2024-07-10 08:46:33 - Download Success for Fakultas: Fakultas Teknik
